2025-05-14T12:26:50.761733 | Transferred 5.0 RON from Accounts | Result: {'code': '0', 'data': [{'amt': '5', 'ccy': 'RON', 'clientId': '', 'from': '6', 'to': '6', 'transId': '146598313'}], 'msg': ''}
2025-05-14T12:42:20.918950 | [EMPTY] No transferable assets in Accounts
2025-05-14T13:02:54.170127 | [EMPTY] No transferable assets in Accounts
2025-05-14T13:05:11.616118 | [EMPTY] No transferable assets in Accounts
2025-05-14T13:06:44.103683 | [EMPTY] No transferable assets in sugarufc8
2025-05-14T13:06:44.659141 | [EMPTY] No transferable assets in sugarufc9
2025-05-14T13:06:45.115954 | [EMPTY] No transferable assets in sugarufc10
2025-05-14T13:06:45.576149 | [EMPTY] No transferable assets in sugarufc6
2025-05-14T13:06:46.043615 | [EMPTY] No transferable assets in sugarufc7
2025-05-14T13:06:46.500689 | [EMPTY] No transferable assets in sugarufc3
2025-05-14T13:06:47.091958 | [EMPTY] No transferable assets in sugarufc4
2025-05-14T13:06:47.560763 | [EMPTY] No transferable assets in sugarufc5
2025-05-14T13:06:48.014652 | [EMPTY] No transferable assets in sugarufc1
2025-05-14T13:06:48.466208 | [EMPTY] No transferable assets in Accounts
2025-05-14T13:11:07.436316 | [EMPTY] No transferable assets in sugarufc8
2025-05-14T13:11:07.904687 | [EMPTY] No transferable assets in sugarufc9
2025-05-14T13:11:08.429066 | [EMPTY] No transferable assets in sugarufc10
2025-05-14T13:11:08.906058 | [EMPTY] No transferable assets in sugarufc6
2025-05-14T13:11:09.369294 | [EMPTY] No transferable assets in sugarufc7
2025-05-14T13:11:09.836376 | [EMPTY] No transferable assets in sugarufc3
2025-05-14T13:11:10.297237 | [EMPTY] No transferable assets in sugarufc4
2025-05-14T13:11:10.758299 | [EMPTY] No transferable assets in sugarufc5
2025-05-14T13:11:11.221296 | [EMPTY] No transferable assets in sugarufc1
2025-05-14T13:11:11.688864 | [EMPTY] No transferable assets in Accounts
2025-05-14T13:12:04.322352 | [EMPTY] No transferable assets in sugarufc8
2025-05-14T13:12:04.818542 | [EMPTY] No transferable assets in sugarufc9
2025-05-14T13:12:05.373828 | [EMPTY] No transferable assets in sugarufc10
2025-05-14T13:12:05.829908 | [EMPTY] No transferable assets in sugarufc6
2025-05-14T13:12:06.277565 | [EMPTY] No transferable assets in sugarufc7
2025-05-14T13:12:06.718277 | [EMPTY] No transferable assets in sugarufc3
2025-05-14T13:12:07.179205 | [EMPTY] No transferable assets in sugarufc4
2025-05-14T13:12:07.648512 | [EMPTY] No transferable assets in sugarufc5
2025-05-14T13:12:08.098860 | [EMPTY] No transferable assets in sugarufc1
2025-05-14T13:12:09.183497 | Transferred 1.0 USDT from Accounts | Result: {'code': '0', 'data': [{'amt': '1', 'ccy': 'USDT', 'clientId': '', 'from': '6', 'to': '6', 'transId': '146608453'}], 'msg': ''}
2025-05-14T13:12:39.023579 | Transferred 1.0 USDT from sugarufc8 | Result: {'code': '0', 'data': [{'amt': '1', 'ccy': 'USDT', 'clientId': '', 'from': '6', 'to': '6', 'transId': '146608562'}], 'msg': ''}
2025-05-14T13:12:39.537339 | [EMPTY] No transferable assets in sugarufc9
2025-05-14T13:12:40.054729 | [EMPTY] No transferable assets in sugarufc10
2025-05-14T13:12:40.499936 | [EMPTY] No transferable assets in sugarufc6
2025-05-14T13:12:40.962221 | [EMPTY] No transferable assets in sugarufc7
2025-05-14T13:12:41.420599 | [EMPTY] No transferable assets in sugarufc3
2025-05-14T13:12:41.876015 | [EMPTY] No transferable assets in sugarufc4
2025-05-14T13:12:42.367102 | [EMPTY] No transferable assets in sugarufc5
2025-05-14T13:12:42.824376 | [EMPTY] No transferable assets in sugarufc1
2025-05-14T13:12:43.293759 | [EMPTY] No transferable assets in Accounts
2025-05-14T13:15:40.213072 | Transferred 34.0 KAITO from sugarufc8 | Result: {'code': '0', 'data': [{'amt': '34', 'ccy': 'KAITO', 'clientId': '', 'from': '6', 'to': '6', 'transId': '146609138'}], 'msg': ''}
2025-05-14T13:15:40.738919 | [EMPTY] No transferable assets in sugarufc9
2025-05-14T13:15:41.208122 | [EMPTY] No transferable assets in sugarufc10
2025-05-14T13:15:41.675863 | [EMPTY] No transferable assets in sugarufc6
2025-05-14T13:15:42.141211 | [EMPTY] No transferable assets in sugarufc7
2025-05-14T13:15:42.604790 | [EMPTY] No transferable assets in sugarufc3
2025-05-14T13:15:43.064902 | [EMPTY] No transferable assets in sugarufc4
2025-05-14T13:15:43.526389 | [EMPTY] No transferable assets in sugarufc5
2025-05-14T13:15:43.984538 | [EMPTY] No transferable assets in sugarufc1
2025-05-14T13:15:44.495903 | [EMPTY] No transferable assets in Accounts
2025-05-14T13:18:25.913245 | [EMPTY] No transferable assets in sugarufc8
2025-05-14T13:18:26.365915 | [EMPTY] No transferable assets in sugarufc9
2025-05-14T13:18:26.828987 | [EMPTY] No transferable assets in sugarufc10
2025-05-14T13:18:27.307434 | [EMPTY] No transferable assets in sugarufc6
2025-05-14T13:18:27.776450 | [EMPTY] No transferable assets in sugarufc7
2025-05-14T13:18:28.229168 | [EMPTY] No transferable assets in sugarufc3
2025-05-14T13:18:28.686908 | [EMPTY] No transferable assets in sugarufc4
2025-05-14T13:18:29.164137 | [EMPTY] No transferable assets in sugarufc5
2025-05-14T13:18:29.623112 | [EMPTY] No transferable assets in sugarufc1
2025-05-14T13:18:30.091989 | [EMPTY] No transferable assets in Accounts
2025-05-14T13:18:48.985781 | [EMPTY] No transferable assets in sugarufc8
2025-05-14T13:18:49.447299 | [EMPTY] No transferable assets in sugarufc9
2025-05-14T13:18:49.900283 | [EMPTY] No transferable assets in sugarufc10
2025-05-14T13:18:50.355486 | [EMPTY] No transferable assets in sugarufc6
2025-05-14T13:18:50.812809 | [EMPTY] No transferable assets in sugarufc7
2025-05-14T13:18:51.268269 | [EMPTY] No transferable assets in sugarufc3
2025-05-14T13:18:51.730836 | [EMPTY] No transferable assets in sugarufc4
2025-05-14T13:18:52.179600 | [EMPTY] No transferable assets in sugarufc5
2025-05-14T13:18:52.645070 | [EMPTY] No transferable assets in sugarufc1
2025-05-14T13:18:53.125958 | [EMPTY] No transferable assets in Accounts
